0 info it worked if it ends with ok
1 verbose cli [ '/usr/bin/nodejs',
1 verbose cli   '/usr/bin/npm',
1 verbose cli   'link',
1 verbose cli   'dev-parse-server',
1 verbose cli   'parse-server' ]
2 info using npm@3.7.3
3 info using node@v5.8.0
4 silly loadCurrentTree Starting
5 silly install loadCurrentTree
6 silly install readGlobalPackageData
7 silly fetchPackageMetaData dev-parse-server
8 silly loadCurrentTree Starting
9 silly install loadCurrentTree
10 silly install readGlobalPackageData
11 silly fetchPackageMetaData parse-server
12 silly fetchNamedPackageData dev-parse-server
13 silly mapToRegistry name dev-parse-server
14 silly mapToRegistry using default registry
15 silly mapToRegistry registry https://registry.npmjs.org/
16 silly mapToRegistry uri https://registry.npmjs.org/dev-parse-server
17 verbose request uri https://registry.npmjs.org/dev-parse-server
18 verbose request no auth needed
19 info attempt registry request try #1 at 4:15:18 PM
20 verbose request id b7775203bacf8d41
21 http request GET https://registry.npmjs.org/dev-parse-server
22 silly fetchDirectoryPackageData parse-server
23 silly install normalizeTree
24 silly loadCurrentTree Finishing
25 silly loadIdealTree Starting
26 silly install loadIdealTree
27 silly cloneCurrentTree Starting
28 silly install cloneCurrentTreeToIdealTree
29 silly cloneCurrentTree Finishing
30 silly loadShrinkwrap Starting
31 silly install loadShrinkwrap
32 silly loadShrinkwrap Finishing
33 silly loadAllDepsIntoIdealTree Starting
34 silly install loadAllDepsIntoIdealTree
35 silly resolveWithNewModule parse-server@2.1.6 checking installable status
36 silly cache add args [ 'parse-server', null ]
37 verbose cache add spec parse-server
38 silly cache add parsed spec Result {
38 silly cache add   raw: 'parse-server',
38 silly cache add   scope: null,
38 silly cache add   name: null,
38 silly cache add   rawSpec: 'parse-server',
38 silly cache add   spec: '/home/avoid3d/waverbase/parse-server/parse-server',
38 silly cache add   type: 'directory' }
39 verbose addLocalDirectory /home/avoid3d/.npm/parse-server/2.1.6/package.tgz not in flight; packing
40 verbose correctMkdir /home/avoid3d/.npm correctMkdir not in flight; initializing
41 info lifecycle parse-server@2.1.6~prepublish: parse-server@2.1.6
42 verbose lifecycle parse-server@2.1.6~prepublish: unsafe-perm in lifecycle true
43 verbose lifecycle parse-server@2.1.6~prepublish: PATH: /usr/lib/node_modules/npm/bin/node-gyp-bin:/home/avoid3d/waverbase/parse-server/parse-server/node_modules/.bin:/usr/bin:/usr/local/bin:/usr/bin:/bin:/usr/local/games:/usr/games
44 verbose lifecycle parse-server@2.1.6~prepublish: CWD: /home/avoid3d/waverbase/parse-server/parse-server
45 silly lifecycle parse-server@2.1.6~prepublish: Args: [ '-c', 'npm run build' ]
46 silly lifecycle parse-server@2.1.6~prepublish: Returned: code: 1  signal: null
47 info lifecycle parse-server@2.1.6~prepublish: Failed to exec prepublish script
48 error addLocal Could not install /home/avoid3d/waverbase/parse-server/parse-server
49 silly rollbackFailedOptional Starting
50 silly rollbackFailedOptional Finishing
51 silly runTopLevelLifecycles Starting
52 silly runTopLevelLifecycles Finishing
53 silly install printInstalled
54 http 404 https://registry.npmjs.org/dev-parse-server
55 verbose headers { 'content-type': 'application/json',
55 verbose headers   'cache-control': 'max-age=0',
55 verbose headers   'content-length': '2',
55 verbose headers   'accept-ranges': 'bytes',
55 verbose headers   date: 'Wed, 06 Apr 2016 14:15:34 GMT',
55 verbose headers   via: '1.1 varnish',
55 verbose headers   age: '0',
55 verbose headers   connection: 'keep-alive',
55 verbose headers   'x-served-by': 'cache-fra1246-FRA',
55 verbose headers   'x-cache': 'MISS',
55 verbose headers   'x-cache-hits': '0',
55 verbose headers   'x-timer': 'S1459952133.940232,VS0,VE404',
55 verbose headers   vary: 'Accept-Encoding' }
56 silly get cb [ 404,
56 silly get   { 'content-type': 'application/json',
56 silly get     'cache-control': 'max-age=0',
56 silly get     'content-length': '2',
56 silly get     'accept-ranges': 'bytes',
56 silly get     date: 'Wed, 06 Apr 2016 14:15:34 GMT',
56 silly get     via: '1.1 varnish',
56 silly get     age: '0',
56 silly get     connection: 'keep-alive',
56 silly get     'x-served-by': 'cache-fra1246-FRA',
56 silly get     'x-cache': 'MISS',
56 silly get     'x-cache-hits': '0',
56 silly get     'x-timer': 'S1459952133.940232,VS0,VE404',
56 silly get     vary: 'Accept-Encoding' } ]
57 silly fetchPackageMetaData Error: Registry returned 404 for GET on https://registry.npmjs.org/dev-parse-server
57 silly fetchPackageMetaData     at makeError (/usr/lib/node_modules/npm/node_modules/npm-registry-client/lib/request.js:264:12)
57 silly fetchPackageMetaData     at CachingRegistryClient.<anonymous> (/usr/lib/node_modules/npm/node_modules/npm-registry-client/lib/request.js:242:14)
57 silly fetchPackageMetaData     at Request._callback (/usr/lib/node_modules/npm/node_modules/npm-registry-client/lib/request.js:172:14)
57 silly fetchPackageMetaData     at Request.self.callback (/usr/lib/node_modules/npm/node_modules/request/request.js:199:22)
57 silly fetchPackageMetaData     at emitTwo (events.js:100:13)
57 silly fetchPackageMetaData     at Request.emit (events.js:185:7)
57 silly fetchPackageMetaData     at Request.<anonymous> (/usr/lib/node_modules/npm/node_modules/request/request.js:1036:10)
57 silly fetchPackageMetaData     at emitOne (events.js:95:20)
57 silly fetchPackageMetaData     at Request.emit (events.js:182:7)
57 silly fetchPackageMetaData     at IncomingMessage.<anonymous> (/usr/lib/node_modules/npm/node_modules/request/request.js:963:12)
57 silly fetchPackageMetaData  error for dev-parse-server { [Error: Registry returned 404 for GET on https://registry.npmjs.org/dev-parse-server] pkgid: 'dev-parse-server', statusCode: 404, code: 'E404' }
58 silly rollbackFailedOptional Starting
59 silly rollbackFailedOptional Finishing
60 silly runTopLevelLifecycles Starting
61 silly runTopLevelLifecycles Finishing
62 silly install printInstalled
63 verbose stack Error: parse-server@2.1.6 prepublish: `npm run build`
63 verbose stack Exit status 1
63 verbose stack     at EventEmitter.<anonymous> (/usr/lib/node_modules/npm/lib/utils/lifecycle.js:239:16)
63 verbose stack     at emitTwo (events.js:100:13)
63 verbose stack     at EventEmitter.emit (events.js:185:7)
63 verbose stack     at ChildProcess.<anonymous> (/usr/lib/node_modules/npm/lib/utils/spawn.js:24:14)
63 verbose stack     at emitTwo (events.js:100:13)
63 verbose stack     at ChildProcess.emit (events.js:185:7)
63 verbose stack     at maybeClose (internal/child_process.js:850:16)
63 verbose stack     at Process.ChildProcess._handle.onexit (internal/child_process.js:215:5)
64 verbose pkgid parse-server@2.1.6
65 verbose cwd /home/avoid3d/waverbase/parse-server
66 error Linux 4.3.0-0.bpo.1-amd64
67 error argv "/usr/bin/nodejs" "/usr/bin/npm" "link" "dev-parse-server" "parse-server"
68 error node v5.8.0
69 error npm  v3.7.3
70 error code ELIFECYCLE
71 error parse-server@2.1.6 prepublish: `npm run build`
71 error Exit status 1
72 error Failed at the parse-server@2.1.6 prepublish script 'npm run build'.
72 error Make sure you have the latest version of node.js and npm installed.
72 error If you do, this is most likely a problem with the parse-server package,
72 error not with npm itself.
72 error Tell the author that this fails on your system:
72 error     npm run build
72 error You can get information on how to open an issue for this project with:
72 error     npm bugs parse-server
72 error Or if that isn't available, you can get their info via:
72 error     npm owner ls parse-server
72 error There is likely additional logging output above.
73 verbose exit [ 1, true ]
